CREATE TABLE "django_migrations" ("id" integer NOT NULL PRIMARY KEY AUTOINCREMENT, "app" varchar(255) NOT NULL, "name" varchar(255) NOT NULL, "applied" datetime NOT NULL); (params None)
CREATE TABLE "django_content_type" ("id" integer NOT NULL PRIMARY KEY AUTOINCREMENT, "name" varchar(100) NOT NULL, "app_label" varchar(100) NOT NULL, "model" varchar(100) NOT NULL); (params None)
CREATE UNIQUE INDEX "django_content_type_app_label_model_76bd3d3b_uniq" ON "django_content_type" ("app_label", "model"); (params ())
CREATE TABLE "new__django_content_type" ("id" integer NOT NULL PRIMARY KEY AUTOINCREMENT, "app_label" varchar(100) NOT NULL, "model" varchar(100) NOT NULL, "name" varchar(100) NULL); (params None)
INSERT INTO "new__django_content_type" ("id", "app_label", "model", "name") SELECT "id", "app_label", "model", "name" FROM "django_content_type"; (params ())
DROP TABLE "django_content_type"; (params ())
ALTER TABLE "new__django_content_type" RENAME TO "django_content_type"; (params ())
CREATE UNIQUE INDEX "django_content_type_app_label_model_76bd3d3b_uniq" ON "django_content_type" ("app_label", "model"); (params ())
CREATE TABLE "new__django_content_type" ("id" integer NOT NULL PRIMARY KEY AUTOINCREMENT, "app_label" varchar(100) NOT NULL, "model" varchar(100) NOT NULL); (params None)
INSERT INTO "new__django_content_type" ("id", "app_label", "model") SELECT "id", "app_label", "model" FROM "django_content_type"; (params ())
DROP TABLE "django_content_type"; (params ())
ALTER TABLE "new__django_content_type" RENAME TO "django_content_type"; (params ())
CREATE UNIQUE INDEX "django_content_type_app_label_model_76bd3d3b_uniq" ON "django_content_type" ("app_label", "model"); (params ())
CREATE TABLE "auth_permission" ("id" integer NOT NULL PRIMARY KEY AUTOINCREMENT, "name" varchar(50) NOT NULL, "content_type_id" integer NOT NULL REFERENCES "django_content_type" ("id") DEFERRABLE INITIALLY DEFERRED, "codename" varchar(100) NOT NULL); (params None)
CREATE TABLE "auth_group" ("id" integer NOT NULL PRIMARY KEY AUTOINCREMENT, "name" varchar(80) NOT NULL UNIQUE); (params None)
CREATE TABLE "auth_group_permissions" ("id" integer NOT NULL PRIMARY KEY AUTOINCREMENT, "group_id" integer NOT NULL REFERENCES "auth_group" ("id") DEFERRABLE INITIALLY DEFERRED, "permission_id" integer NOT NULL REFERENCES "auth_permission" ("id") DEFERRABLE INITIALLY DEFERRED); (params None)
CREATE UNIQUE INDEX "auth_permission_content_type_id_codename_01ab375a_uniq" ON "auth_permission" ("content_type_id", "codename"); (params ())
CREATE INDEX "auth_permission_content_type_id_2f476e4b" ON "auth_permission" ("content_type_id"); (params ())
CREATE UNIQUE INDEX "auth_group_permissions_group_id_permission_id_0cd325b0_uniq" ON "auth_group_permissions" ("group_id", "permission_id"); (params ())
CREATE INDEX "auth_group_permissions_group_id_b120cbf9" ON "auth_group_permissions" ("group_id"); (params ())
CREATE INDEX "auth_group_permissions_permission_id_84c5c92e" ON "auth_group_permissions" ("permission_id"); (params ())
CREATE TABLE "new__auth_permission" ("id" integer NOT NULL PRIMARY KEY AUTOINCREMENT, "content_type_id" integer NOT NULL REFERENCES "django_content_type" ("id") DEFERRABLE INITIALLY DEFERRED, "codename" varchar(100) NOT NULL, "name" varchar(255) NOT NULL); (params None)
INSERT INTO "new__auth_permission" ("id", "content_type_id", "codename", "name") SELECT "id", "content_type_id", "codename", "name" FROM "auth_permission"; (params ())
DROP TABLE "auth_permission"; (params ())
ALTER TABLE "new__auth_permission" RENAME TO "auth_permission"; (params ())
CREATE UNIQUE INDEX "auth_permission_content_type_id_codename_01ab375a_uniq" ON "auth_permission" ("content_type_id", "codename"); (params ())
CREATE INDEX "auth_permission_content_type_id_2f476e4b" ON "auth_permission" ("content_type_id"); (params ())
CREATE TABLE "new__auth_group" ("id" integer NOT NULL PRIMARY KEY AUTOINCREMENT, "name" varchar(150) NOT NULL UNIQUE); (params None)
INSERT INTO "new__auth_group" ("id", "name") SELECT "id", "name" FROM "auth_group"; (params ())
DROP TABLE "auth_group"; (params ())
ALTER TABLE "new__auth_group" RENAME TO "auth_group"; (params ())
CREATE TABLE "quiz_answer" ("id" integer NOT NULL PRIMARY KEY AUTOINCREMENT, "otp" varchar(7) NOT NULL, "text" text NOT NULL, "correct" bool NOT NULL); (params None)
CREATE TABLE "quiz_quiz" ("id" integer NOT NULL PRIMARY KEY AUTOINCREMENT, "start_date" datetime NULL, "end_date" datetime NULL, "name" varchar(120) NOT NULL, "topic" varchar(120) NOT NULL, "number_of_questions" integer NOT NULL); (params None)
CREATE TABLE "quiz_team" ("id" integer NOT NULL PRIMARY KEY AUTOINCREMENT, "name" varchar(120) NOT NULL); (params None)
CREATE TABLE "quiz_result" ("id" integer NOT NULL PRIMARY KEY AUTOINCREMENT, "score" real NOT NULL, "selesai" bool NOT NULL, "finish_date" datetime NULL, "quiz_id" bigint NOT NULL REFERENCES "quiz_quiz" ("id") DEFERRABLE INITIALLY DEFERRED, "team_id" bigint NULL REFERENCES "quiz_team" ("id") DEFERRABLE INITIALLY DEFERRED); (params None)
CREATE TABLE "quiz_question" ("id" integer NOT NULL PRIMARY KEY AUTOINCREMENT, "otp" varchar(7) NOT NULL, "text" text NOT NULL, "created" datetime NOT NULL, "song" text NULL, "tipe" varchar(3) NOT NULL, "quiz_id" bigint NOT NULL REFERENCES "quiz_quiz" ("id") DEFERRABLE INITIALLY DEFERRED); (params None)
CREATE TABLE "quiz_answeranggota" ("id" integer NOT NULL PRIMARY KEY AUTOINCREMENT, "answer_text" text NULL, "answer_id" bigint NULL REFERENCES "quiz_answer" ("id") DEFERRABLE INITIALLY DEFERRED, "question_id" bigint NOT NULL REFERENCES "quiz_question" ("id") DEFERRABLE INITIALLY DEFERRED, "user_id" bigint NULL REFERENCES "quiz_team" ("id") DEFERRABLE INITIALLY DEFERRED); (params None)
CREATE TABLE "quiz_answeranggota_answer_akm" ("id" integer NOT NULL PRIMARY KEY AUTOINCREMENT, "answeranggota_id" bigint NOT NULL REFERENCES "quiz_answeranggota" ("id") DEFERRABLE INITIALLY DEFERRED, "answer_id" bigint NOT NULL REFERENCES "quiz_answer" ("id") DEFERRABLE INITIALLY DEFERRED); (params None)
CREATE TABLE "new__quiz_answer" ("id" integer NOT NULL PRIMARY KEY AUTOINCREMENT, "otp" varchar(7) NOT NULL, "text" text NOT NULL, "correct" bool NOT NULL, "question_id" bigint NOT NULL REFERENCES "quiz_question" ("id") DEFERRABLE INITIALLY DEFERRED); (params None)
INSERT INTO "new__quiz_answer" ("id", "otp", "text", "correct", "question_id") SELECT "id", "otp", "text", "correct", NULL FROM "quiz_answer"; (params ())
DROP TABLE "quiz_answer"; (params ())
ALTER TABLE "new__quiz_answer" RENAME TO "quiz_answer"; (params ())
CREATE INDEX "quiz_result_quiz_id_4d2916b2" ON "quiz_result" ("quiz_id"); (params ())
CREATE INDEX "quiz_result_team_id_e0870d50" ON "quiz_result" ("team_id"); (params ())
CREATE INDEX "quiz_question_quiz_id_b7429966" ON "quiz_question" ("quiz_id"); (params ())
CREATE INDEX "quiz_answeranggota_answer_id_52420dfa" ON "quiz_answeranggota" ("answer_id"); (params ())
CREATE INDEX "quiz_answeranggota_question_id_29b279c2" ON "quiz_answeranggota" ("question_id"); (params ())
CREATE INDEX "quiz_answeranggota_user_id_1a9dc7d6" ON "quiz_answeranggota" ("user_id"); (params ())
CREATE UNIQUE INDEX "quiz_answeranggota_answer_akm_answeranggota_id_answer_id_6181af31_uniq" ON "quiz_answeranggota_answer_akm" ("answeranggota_id", "answer_id"); (params ())
CREATE INDEX "quiz_answeranggota_answer_akm_answeranggota_id_4d273053" ON "quiz_answeranggota_answer_akm" ("answeranggota_id"); (params ())
CREATE INDEX "quiz_answeranggota_answer_akm_answer_id_48abd4d6" ON "quiz_answeranggota_answer_akm" ("answer_id"); (params ())
CREATE INDEX "quiz_answer_question_id_26edde8a" ON "quiz_answer" ("question_id"); (params ())
CREATE TABLE "quiz_user" ("id" integer NOT NULL PRIMARY KEY AUTOINCREMENT, "password" varchar(128) NOT NULL, "last_login" datetime NULL, "is_superuser" bool NOT NULL, "username" varchar(150) NOT NULL UNIQUE, "first_name" varchar(150) NOT NULL, "last_name" varchar(150) NOT NULL, "email" varchar(254) NOT NULL, "is_staff" bool NOT NULL, "is_active" bool NOT NULL, "date_joined" datetime NOT NULL, "role" integer NOT NULL, "team_id" bigint NULL REFERENCES "quiz_team" ("id") DEFERRABLE INITIALLY DEFERRED); (params None)
CREATE TABLE "quiz_user_groups" ("id" integer NOT NULL PRIMARY KEY AUTOINCREMENT, "user_id" bigint NOT NULL REFERENCES "quiz_user" ("id") DEFERRABLE INITIALLY DEFERRED, "group_id" integer NOT NULL REFERENCES "auth_group" ("id") DEFERRABLE INITIALLY DEFERRED); (params None)
CREATE TABLE "quiz_user_user_permissions" ("id" integer NOT NULL PRIMARY KEY AUTOINCREMENT, "user_id" bigint NOT NULL REFERENCES "quiz_user" ("id") DEFERRABLE INITIALLY DEFERRED, "permission_id" integer NOT NULL REFERENCES "auth_permission" ("id") DEFERRABLE INITIALLY DEFERRED); (params None)
CREATE INDEX "quiz_user_team_id_f97747f4" ON "quiz_user" ("team_id"); (params ())
CREATE UNIQUE INDEX "quiz_user_groups_user_id_group_id_65337d94_uniq" ON "quiz_user_groups" ("user_id", "group_id"); (params ())
CREATE INDEX "quiz_user_groups_user_id_8e7316a7" ON "quiz_user_groups" ("user_id"); (params ())
CREATE INDEX "quiz_user_groups_group_id_a91cc2d4" ON "quiz_user_groups" ("group_id"); (params ())
CREATE UNIQUE INDEX "quiz_user_user_permissions_user_id_permission_id_25000e8c_uniq" ON "quiz_user_user_permissions" ("user_id", "permission_id"); (params ())
CREATE INDEX "quiz_user_user_permissions_user_id_7235c5dd" ON "quiz_user_user_permissions" ("user_id"); (params ())
CREATE INDEX "quiz_user_user_permissions_permission_id_8f8f7ec6" ON "quiz_user_user_permissions" ("permission_id"); (params ())
CREATE TABLE "django_admin_log" ("id" integer NOT NULL PRIMARY KEY AUTOINCREMENT, "action_time" datetime NOT NULL, "object_id" text NULL, "object_repr" varchar(200) NOT NULL, "action_flag" smallint unsigned NOT NULL CHECK ("action_flag" >= 0), "change_message" text NOT NULL, "content_type_id" integer NULL REFERENCES "django_content_type" ("id") DEFERRABLE INITIALLY DEFERRED, "user_id" bigint NOT NULL REFERENCES "quiz_user" ("id") DEFERRABLE INITIALLY DEFERRED); (params None)
CREATE INDEX "django_admin_log_content_type_id_c4bce8eb" ON "django_admin_log" ("content_type_id"); (params ())
CREATE INDEX "django_admin_log_user_id_c564eba6" ON "django_admin_log" ("user_id"); (params ())
CREATE TABLE "new__django_admin_log" ("id" integer NOT NULL PRIMARY KEY AUTOINCREMENT, "object_id" text NULL, "object_repr" varchar(200) NOT NULL, "action_flag" smallint unsigned NOT NULL CHECK ("action_flag" >= 0), "change_message" text NOT NULL, "content_type_id" integer NULL REFERENCES "django_content_type" ("id") DEFERRABLE INITIALLY DEFERRED, "user_id" bigint NOT NULL REFERENCES "quiz_user" ("id") DEFERRABLE INITIALLY DEFERRED, "action_time" datetime NOT NULL); (params None)
INSERT INTO "new__django_admin_log" ("id", "object_id", "object_repr", "action_flag", "change_message", "content_type_id", "user_id", "action_time") SELECT "id", "object_id", "object_repr", "action_flag", "change_message", "content_type_id", "user_id", "action_time" FROM "django_admin_log"; (params ())
DROP TABLE "django_admin_log"; (params ())
ALTER TABLE "new__django_admin_log" RENAME TO "django_admin_log"; (params ())
CREATE INDEX "django_admin_log_content_type_id_c4bce8eb" ON "django_admin_log" ("content_type_id"); (params ())
CREATE INDEX "django_admin_log_user_id_c564eba6" ON "django_admin_log" ("user_id"); (params ())
CREATE TABLE "new__django_admin_log" ("id" integer NOT NULL PRIMARY KEY AUTOINCREMENT, "action_time" datetime NOT NULL, "object_id" text NULL, "object_repr" varchar(200) NOT NULL, "change_message" text NOT NULL, "content_type_id" integer NULL REFERENCES "django_content_type" ("id") DEFERRABLE INITIALLY DEFERRED, "user_id" bigint NOT NULL REFERENCES "quiz_user" ("id") DEFERRABLE INITIALLY DEFERRED, "action_flag" smallint unsigned NOT NULL CHECK ("action_flag" >= 0)); (params None)
INSERT INTO "new__django_admin_log" ("id", "action_time", "object_id", "object_repr", "change_message", "content_type_id", "user_id", "action_flag") SELECT "id", "action_time", "object_id", "object_repr", "change_message", "content_type_id", "user_id", "action_flag" FROM "django_admin_log"; (params ())
DROP TABLE "django_admin_log"; (params ())
ALTER TABLE "new__django_admin_log" RENAME TO "django_admin_log"; (params ())
CREATE INDEX "django_admin_log_content_type_id_c4bce8eb" ON "django_admin_log" ("content_type_id"); (params ())
CREATE INDEX "django_admin_log_user_id_c564eba6" ON "django_admin_log" ("user_id"); (params ())
CREATE TABLE "django_session" ("session_key" varchar(40) NOT NULL PRIMARY KEY, "session_data" text NOT NULL, "expire_date" datetime NOT NULL); (params None)
CREATE INDEX "django_session_expire_date_a5c62663" ON "django_session" ("expire_date"); (params ())
